<?xml version="1.0" encoding="UTF-8"?>
<!-- Generated by org.testng.reporters.JUnitXMLReporter -->
<testsuite ignored="0" hostname="DESKTOP-51I7M0A" failures="2" tests="4" name="Test" time="24.322" errors="0" timestamp="2020-10-03T06:24:00 EDT">
  <testcase classname="com.personal.test.testone" name="freeshippinglink" time="15.251"/>
  <testcase classname="testCases.GetTextname_4kstick" name="clickgettext" time="8.504">
    <failure type="java.lang.AssertionError" message="expected [See more Best Sellers in Toys &amp;amp; Games12] but found [Toys &amp;amp; Games]">
      <![CDATA[java.lang.AssertionError: expected [See more Best Sellers in Toys & Games12] but found [Toys & Games]
at testCases.GetTextname_4kstick.clickgettext(GetTextname_4kstick.java:35)
at java.base/java.util.ArrayList.forEach(ArrayList.java:1541)
... Removed 37 stack frames]]>
    </failure>
  </testcase> <!-- clickgettext -->
  <testcase classname="com.personal.test.AppTest" name="ArrayList_localtime" time="0.0">
    <failure type="java.lang.AssertionError" message="expected [20] but found [10]">
      <![CDATA[java.lang.AssertionError: expected [20] but found [10]
at com.personal.test.AppTest.ArrayList_localtime(AppTest.java:41)
at java.base/java.util.ArrayList.forEach(ArrayList.java:1541)
... Removed 37 stack frames]]>
    </failure>
  </testcase> <!-- ArrayList_localtime -->
  <testcase classname="com.personal.test.AppTest" name="shouldAnswerWithTrue" time="0.001"/>
</testsuite> <!-- Test -->
